# JRE version: Java(TM) SE Runtime Environment (8.0_45-b14) (build 1.8.0_45-b14)
# Java VM: Java HotSpot(TM) 64-Bit Server VM (25.45-b02 mixed mode linux-amd64 compressed oops)
Heap:
 PSYoungGen      total 272896K, used 3419K [0x00000000eab00000, 0x0000000100000000, 0x0000000100000000)
  eden space 196608K, 0% used [0x00000000eab00000,0x00000000eab00000,0x00000000f6b00000)
  from space 76288K, 4% used [0x00000000f6b00000,0x00000000f6e56c90,0x00000000fb580000)
  to   space 71680K, 0% used [0x00000000fba00000,0x00000000fba00000,0x0000000100000000)
 ParOldGen       total 222720K, used 222458K [0x00000000c0000000, 0x00000000cd980000, 0x00000000eab00000)
  object space 222720K, 99% used [0x00000000c0000000,0x00000000cd93eaf8,0x00000000cd980000)
 Metaspace       used 6368K, capacity 7280K, committed 7552K, reserved 1056768K
  class space    used 602K, capacity 616K, committed 640K, reserved 1048576K
GC Heap History (10 events):
Event: 20.945 GC heap after
Heap after GC invocations=12 (full 2):
 PSYoungGen      total 294912K, used 40464K [0x00000000eab00000, 0x0000000100000000, 0x0000000100000000)
  eden space 251904K, 0% used [0x00000000eab00000,0x00000000eab00000,0x00000000fa100000)
  from space 43008K, 94% used [0x00000000fd600000,0x00000000ffd843b0,0x0000000100000000)
  to   space 48640K, 0% used [0x00000000fa100000,0x00000000fa100000,0x00000000fd080000)
 ParOldGen       total 140800K, used 89025K [0x00000000c0000000, 0x00000000c8980000, 0x00000000eab00000)
  object space 140800K, 63% used [0x00000000c0000000,0x00000000c56f0450,0x00000000c8980000)
 Metaspace       used 6338K, capacity 7216K, committed 7296K, reserved 1056768K
  class space    used 602K, capacity 616K, committed 640K, reserved 1048576K
}
Event: 22.801 GC heap before
{Heap before GC invocations=13 (full 2):
 PSYoungGen      total 294912K, used 292368K [0x00000000eab00000, 0x0000000100000000, 0x0000000100000000)
  eden space 251904K, 100% used [0x00000000eab00000,0x00000000fa100000,0x00000000fa100000)
  from space 43008K, 94% used [0x00000000fd600000,0x00000000ffd843b0,0x0000000100000000)
  to   space 48640K, 0% used [0x00000000fa100000,0x00000000fa100000,0x00000000fd080000)
 ParOldGen       total 140800K, used 89025K [0x00000000c0000000, 0x00000000c8980000, 0x00000000eab00000)
  object space 140800K, 63% used [0x00000000c0000000,0x00000000c56f0450,0x00000000c8980000)
 Metaspace       used 6358K, capacity 7216K, committed 7296K, reserved 1056768K
  class space    used 602K, capacity 616K, committed 640K, reserved 1048576K
Event: 23.099 GC heap after
Heap after GC invocations=13 (full 2):
 PSYoungGen      total 300544K, used 48621K [0x00000000eab00000, 0x0000000100000000, 0x0000000100000000)
  eden space 251904K, 0% used [0x00000000eab00000,0x00000000eab00000,0x00000000fa100000)
  from space 48640K, 99% used [0x00000000fa100000,0x00000000fd07b788,0x00000000fd080000)
  to   space 48640K, 0% used [0x00000000fd080000,0x00000000fd080000,0x0000000100000000)
 ParOldGen       total 140800K, used 116838K [0x00000000c0000000, 0x00000000c8980000, 0x00000000eab00000)
  object space 140800K, 82% used [0x00000000c0000000,0x00000000c7219848,0x00000000c8980000)
 Metaspace       used 6358K, capacity 7216K, committed 7296K, reserved 1056768K
  class space    used 602K, capacity 616K, committed 640K, reserved 1048576K
}
Event: 23.099 GC heap before
{Heap before GC invocations=14 (full 3):
 PSYoungGen      total 300544K, used 48621K [0x00000000eab00000, 0x0000000100000000, 0x0000000100000000)
  eden space 251904K, 0% used [0x00000000eab00000,0x00000000eab00000,0x00000000fa100000)
  from space 48640K, 99% used [0x00000000fa100000,0x00000000fd07b788,0x00000000fd080000)
  to   space 48640K, 0% used [0x00000000fd080000,0x00000000fd080000,0x0000000100000000)
 ParOldGen       total 140800K, used 116838K [0x00000000c0000000, 0x00000000c8980000, 0x00000000eab00000)
  object space 140800K, 82% used [0x00000000c0000000,0x00000000c7219848,0x00000000c8980000)
 Metaspace       used 6358K, capacity 7216K, committed 7296K, reserved 1056768K
  class space    used 602K, capacity 616K, committed 640K, reserved 1048576K
Event: 24.860 GC heap after
Heap after GC invocations=14 (full 3):
 PSYoungGen      total 300544K, used 22422K [0x00000000eab00000, 0x0000000100000000, 0x0000000100000000)
  eden space 251904K, 0% used [0x00000000eab00000,0x00000000eab00000,0x00000000fa100000)
  from space 48640K, 46% used [0x00000000fa100000,0x00000000fb6e5a90,0x00000000fd080000)
  to   space 48640K, 0% used [0x00000000fd080000,0x00000000fd080000,0x0000000100000000)
 ParOldGen       total 222720K, used 140435K [0x00000000c0000000, 0x00000000cd980000, 0x00000000eab00000)
  object space 222720K, 63% used [0x00000000c0000000,0x00000000c8924c78,0x00000000cd980000)
 Metaspace       used 6358K, capacity 7216K, committed 7296K, reserved 1056768K
  class space    used 602K, capacity 616K, committed 640K, reserved 1048576K
}
Event: 26.868 GC heap before
{Heap before GC invocations=15 (full 3):
 PSYoungGen      total 300544K, used 274326K [0x00000000eab00000, 0x0000000100000000, 0x0000000100000000)
  eden space 251904K, 100% used [0x00000000eab00000,0x00000000fa100000,0x00000000fa100000)
  from space 48640K, 46% used [0x00000000fa100000,0x00000000fb6e5a90,0x00000000fd080000)
  to   space 48640K, 0% used [0x00000000fd080000,0x00000000fd080000,0x0000000100000000)
 ParOldGen       total 222720K, used 140435K [0x00000000c0000000, 0x00000000cd980000, 0x00000000eab00000)
  object space 222720K, 63% used [0x00000000c0000000,0x00000000c8924c78,0x00000000cd980000)
 Metaspace       used 6360K, capacity 7216K, committed 7296K, reserved 1056768K
  class space    used 602K, capacity 616K, committed 640K, reserved 1048576K
Event: 27.188 GC heap after
Heap after GC invocations=15 (full 3):
 PSYoungGen      total 245248K, used 48635K [0x00000000eab00000, 0x0000000100000000, 0x0000000100000000)
  eden space 196608K, 0% used [0x00000000eab00000,0x00000000eab00000,0x00000000f6b00000)
  from space 48640K, 99% used [0x00000000fd080000,0x00000000ffffef40,0x0000000100000000)
  to   space 76288K, 0% used [0x00000000f6b00000,0x00000000f6b00000,0x00000000fb580000)
 ParOldGen       total 222720K, used 153316K [0x00000000c0000000, 0x00000000cd980000, 0x00000000eab00000)
  object space 222720K, 68% used [0x00000000c0000000,0x00000000c95b92e8,0x00000000cd980000)
 Metaspace       used 6360K, capacity 7216K, committed 7296K, reserved 1056768K
  class space    used 602K, capacity 616K, committed 640K, reserved 1048576K
}
Event: 28.856 GC heap before
{Heap before GC invocations=16 (full 3):
 PSYoungGen      total 245248K, used 245243K [0x00000000eab00000, 0x0000000100000000, 0x0000000100000000)
  eden space 196608K, 100% used [0x00000000eab00000,0x00000000f6b00000,0x00000000f6b00000)
  from space 48640K, 99% used [0x00000000fd080000,0x00000000ffffef40,0x0000000100000000)
  to   space 76288K, 0% used [0x00000000f6b00000,0x00000000f6b00000,0x00000000fb580000)
 ParOldGen       total 222720K, used 153316K [0x00000000c0000000, 0x00000000cd980000, 0x00000000eab00000)
  object space 222720K, 68% used [0x00000000c0000000,0x00000000c95b92e8,0x00000000cd980000)
 Metaspace       used 6368K, capacity 7280K, committed 7552K, reserved 1056768K
  class space    used 602K, capacity 616K, committed 640K, reserved 1048576K
Event: 29.195 GC heap after
Heap after GC invocations=16 (full 3):
 PSYoungGen      total 272896K, used 28085K [0x00000000eab00000, 0x0000000100000000, 0x0000000100000000)
  eden space 196608K, 0% used [0x00000000eab00000,0x00000000eab00000,0x00000000f6b00000)
  from space 76288K, 36% used [0x00000000f6b00000,0x00000000f866d420,0x00000000fb580000)
  to   space 71680K, 0% used [0x00000000fba00000,0x00000000fba00000,0x0000000100000000)
 ParOldGen       total 222720K, used 201422K [0x00000000c0000000, 0x00000000cd980000, 0x00000000eab00000)
  object space 222720K, 90% used [0x00000000c0000000,0x00000000cc4b38b0,0x00000000cd980000)
 Metaspace       used 6368K, capacity 7280K, committed 7552K, reserved 1056768K
  class space    used 602K, capacity 616K, committed 640K, reserved 1048576K
}
Event: 29.195 GC heap before
{Heap before GC invocations=17 (full 4):
 PSYoungGen      total 272896K, used 28085K [0x00000000eab00000, 0x0000000100000000, 0x0000000100000000)
  eden space 196608K, 0% used [0x00000000eab00000,0x00000000eab00000,0x00000000f6b00000)
  from space 76288K, 36% used [0x00000000f6b00000,0x00000000f866d420,0x00000000fb580000)
  to   space 71680K, 0% used [0x00000000fba00000,0x00000000fba00000,0x0000000100000000)
 ParOldGen       total 222720K, used 201422K [0x00000000c0000000, 0x00000000cd980000, 0x00000000eab00000)
  object space 222720K, 90% used [0x00000000c0000000,0x00000000cc4b38b0,0x00000000cd980000)
 Metaspace       used 6368K, capacity 7280K, committed 7552K, reserved 1056768K
  class space    used 602K, capacity 616K, committed 640K, reserved 1048576K

