# JRE version: Java(TM) SE Runtime Environment (8.0_45-b14) (build 1.8.0_45-b14)
# Java VM: Java HotSpot(TM) 64-Bit Server VM (25.45-b02 mixed mode linux-amd64 compressed oops)
Heap:
 PSYoungGen      total 241664K, used 14992K [0x00000000eab00000, 0x0000000100000000, 0x0000000100000000)
  eden space 167936K, 0% used [0x00000000eab00000,0x00000000eab00000,0x00000000f4f00000)
  from space 73728K, 20% used [0x00000000fb800000,0x00000000fc6a41e8,0x0000000100000000)
  to   space 90624K, 0% used [0x00000000f4f00000,0x00000000f4f00000,0x00000000fa780000)
 ParOldGen       total 262144K, used 262112K [0x00000000c0000000, 0x00000000d0000000, 0x00000000eab00000)
  object space 262144K, 99% used [0x00000000c0000000,0x00000000cfff83e8,0x00000000d0000000)
 Metaspace       used 6384K, capacity 7280K, committed 7552K, reserved 1056768K
  class space    used 602K, capacity 616K, committed 640K, reserved 1048576K
GC Heap History (10 events):
Event: 16.034 GC heap after
Heap after GC invocations=15 (full 2):
 PSYoungGen      total 281600K, used 32996K [0x00000000eab00000, 0x0000000100000000, 0x0000000100000000)
  eden space 214016K, 0% used [0x00000000eab00000,0x00000000eab00000,0x00000000f7c00000)
  from space 67584K, 48% used [0x00000000f7c00000,0x00000000f9c39018,0x00000000fbe00000)
  to   space 66048K, 0% used [0x00000000fbf80000,0x00000000fbf80000,0x0000000100000000)
 ParOldGen       total 164864K, used 164053K [0x00000000c0000000, 0x00000000ca100000, 0x00000000eab00000)
  object space 164864K, 99% used [0x00000000c0000000,0x00000000ca035700,0x00000000ca100000)
 Metaspace       used 6367K, capacity 7216K, committed 7296K, reserved 1056768K
  class space    used 602K, capacity 616K, committed 640K, reserved 1048576K
}
Event: 16.034 GC heap before
{Heap before GC invocations=16 (full 3):
 PSYoungGen      total 281600K, used 32996K [0x00000000eab00000, 0x0000000100000000, 0x0000000100000000)
  eden space 214016K, 0% used [0x00000000eab00000,0x00000000eab00000,0x00000000f7c00000)
  from space 67584K, 48% used [0x00000000f7c00000,0x00000000f9c39018,0x00000000fbe00000)
  to   space 66048K, 0% used [0x00000000fbf80000,0x00000000fbf80000,0x0000000100000000)
 ParOldGen       total 164864K, used 164053K [0x00000000c0000000, 0x00000000ca100000, 0x00000000eab00000)
  object space 164864K, 99% used [0x00000000c0000000,0x00000000ca035700,0x00000000ca100000)
 Metaspace       used 6367K, capacity 7216K, committed 7296K, reserved 1056768K
  class space    used 602K, capacity 616K, committed 640K, reserved 1048576K
Event: 19.178 GC heap after
Heap after GC invocations=16 (full 3):
 PSYoungGen      total 281600K, used 26094K [0x00000000eab00000, 0x0000000100000000, 0x0000000100000000)
  eden space 214016K, 0% used [0x00000000eab00000,0x00000000eab00000,0x00000000f7c00000)
  from space 67584K, 38% used [0x00000000f7c00000,0x00000000f957b8a0,0x00000000fbe00000)
  to   space 66048K, 0% used [0x00000000fbf80000,0x00000000fbf80000,0x0000000100000000)
 ParOldGen       total 262144K, used 164606K [0x00000000c0000000, 0x00000000d0000000, 0x00000000eab00000)
  object space 262144K, 62% used [0x00000000c0000000,0x00000000ca0bf940,0x00000000d0000000)
 Metaspace       used 6367K, capacity 7216K, committed 7296K, reserved 1056768K
  class space    used 602K, capacity 616K, committed 640K, reserved 1048576K
}
Event: 20.680 GC heap before
{Heap before GC invocations=17 (full 3):
 PSYoungGen      total 281600K, used 240110K [0x00000000eab00000, 0x0000000100000000, 0x0000000100000000)
  eden space 214016K, 100% used [0x00000000eab00000,0x00000000f7c00000,0x00000000f7c00000)
  from space 67584K, 38% used [0x00000000f7c00000,0x00000000f957b8a0,0x00000000fbe00000)
  to   space 66048K, 0% used [0x00000000fbf80000,0x00000000fbf80000,0x0000000100000000)
 ParOldGen       total 262144K, used 164606K [0x00000000c0000000, 0x00000000d0000000, 0x00000000eab00000)
  object space 262144K, 62% used [0x00000000c0000000,0x00000000ca0bf940,0x00000000d0000000)
 Metaspace       used 6374K, capacity 7280K, committed 7552K, reserved 1056768K
  class space    used 602K, capacity 616K, committed 640K, reserved 1048576K
Event: 21.166 GC heap after
Heap after GC invocations=17 (full 3):
 PSYoungGen      total 267776K, used 56145K [0x00000000eab00000, 0x0000000100000000, 0x0000000100000000)
  eden space 201728K, 0% used [0x00000000eab00000,0x00000000eab00000,0x00000000f7000000)
  from space 66048K, 85% used [0x00000000fbf80000,0x00000000ff654548,0x0000000100000000)
  to   space 73728K, 0% used [0x00000000f7000000,0x00000000f7000000,0x00000000fb800000)
 ParOldGen       total 262144K, used 164606K [0x00000000c0000000, 0x00000000d0000000, 0x00000000eab00000)
  object space 262144K, 62% used [0x00000000c0000000,0x00000000ca0bf940,0x00000000d0000000)
 Metaspace       used 6374K, capacity 7280K, committed 7552K, reserved 1056768K
  class space    used 602K, capacity 616K, committed 640K, reserved 1048576K
}
Event: 22.486 GC heap before
{Heap before GC invocations=18 (full 3):
 PSYoungGen      total 267776K, used 257873K [0x00000000eab00000, 0x0000000100000000, 0x0000000100000000)
  eden space 201728K, 100% used [0x00000000eab00000,0x00000000f7000000,0x00000000f7000000)
  from space 66048K, 85% used [0x00000000fbf80000,0x00000000ff654548,0x0000000100000000)
  to   space 73728K, 0% used [0x00000000f7000000,0x00000000f7000000,0x00000000fb800000)
 ParOldGen       total 262144K, used 164606K [0x00000000c0000000, 0x00000000d0000000, 0x00000000eab00000)
  object space 262144K, 62% used [0x00000000c0000000,0x00000000ca0bf940,0x00000000d0000000)
 Metaspace       used 6376K, capacity 7280K, committed 7552K, reserved 1056768K
  class space    used 602K, capacity 616K, committed 640K, reserved 1048576K
Event: 22.805 GC heap after
Heap after GC invocations=18 (full 3):
 PSYoungGen      total 275456K, used 73716K [0x00000000eab00000, 0x0000000100000000, 0x0000000100000000)
  eden space 201728K, 0% used [0x00000000eab00000,0x00000000eab00000,0x00000000f7000000)
  from space 73728K, 99% used [0x00000000f7000000,0x00000000fb7fd318,0x00000000fb800000)
  to   space 73728K, 0% used [0x00000000fb800000,0x00000000fb800000,0x0000000100000000)
 ParOldGen       total 262144K, used 175783K [0x00000000c0000000, 0x00000000d0000000, 0x00000000eab00000)
  object space 262144K, 67% used [0x00000000c0000000,0x00000000caba9dd0,0x00000000d0000000)
 Metaspace       used 6376K, capacity 7280K, committed 7552K, reserved 1056768K
  class space    used 602K, capacity 616K, committed 640K, reserved 1048576K
}
Event: 24.087 GC heap before
{Heap before GC invocations=19 (full 3):
 PSYoungGen      total 275456K, used 275444K [0x00000000eab00000, 0x0000000100000000, 0x0000000100000000)
  eden space 201728K, 100% used [0x00000000eab00000,0x00000000f7000000,0x00000000f7000000)
  from space 73728K, 99% used [0x00000000f7000000,0x00000000fb7fd318,0x00000000fb800000)
  to   space 73728K, 0% used [0x00000000fb800000,0x00000000fb800000,0x0000000100000000)
 ParOldGen       total 262144K, used 175783K [0x00000000c0000000, 0x00000000d0000000, 0x00000000eab00000)
  object space 262144K, 67% used [0x00000000c0000000,0x00000000caba9dd0,0x00000000d0000000)
 Metaspace       used 6384K, capacity 7280K, committed 7552K, reserved 1056768K
  class space    used 602K, capacity 616K, committed 640K, reserved 1048576K
Event: 24.772 GC heap after
Heap after GC invocations=19 (full 3):
 PSYoungGen      total 241664K, used 51488K [0x00000000eab00000, 0x0000000100000000, 0x0000000100000000)
  eden space 167936K, 0% used [0x00000000eab00000,0x00000000eab00000,0x00000000f4f00000)
  from space 73728K, 69% used [0x00000000fb800000,0x00000000fea48318,0x0000000100000000)
  to   space 90624K, 0% used [0x00000000f4f00000,0x00000000f4f00000,0x00000000fa780000)
 ParOldGen       total 262144K, used 227961K [0x00000000c0000000, 0x00000000d0000000, 0x00000000eab00000)
  object space 262144K, 86% used [0x00000000c0000000,0x00000000cde9e4c0,0x00000000d0000000)
 Metaspace       used 6384K, capacity 7280K, committed 7552K, reserved 1056768K
  class space    used 602K, capacity 616K, committed 640K, reserved 1048576K
}
Event: 24.772 GC heap before
{Heap before GC invocations=20 (full 4):
 PSYoungGen      total 241664K, used 51488K [0x00000000eab00000, 0x0000000100000000, 0x0000000100000000)
  eden space 167936K, 0% used [0x00000000eab00000,0x00000000eab00000,0x00000000f4f00000)
  from space 73728K, 69% used [0x00000000fb800000,0x00000000fea48318,0x0000000100000000)
  to   space 90624K, 0% used [0x00000000f4f00000,0x00000000f4f00000,0x00000000fa780000)
 ParOldGen       total 262144K, used 227961K [0x00000000c0000000, 0x00000000d0000000, 0x00000000eab00000)
  object space 262144K, 86% used [0x00000000c0000000,0x00000000cde9e4c0,0x00000000d0000000)
 Metaspace       used 6384K, capacity 7280K, committed 7552K, reserved 1056768K
  class space    used 602K, capacity 616K, committed 640K, reserved 1048576K

