# JRE version: Java(TM) SE Runtime Environment (8.0_45-b14) (build 1.8.0_45-b14)
# Java VM: Java HotSpot(TM) 64-Bit Server VM (25.45-b02 mixed mode linux-amd64 compressed oops)
Heap:
 PSYoungGen      total 272384K, used 10147K [0x00000000eab00000, 0x0000000100000000, 0x0000000100000000)
  eden space 218112K, 0% used [0x00000000eab00000,0x00000000eab00000,0x00000000f8000000)
  from space 54272K, 18% used [0x00000000fcb00000,0x00000000fd4e8ca0,0x0000000100000000)
  to   space 65536K, 0% used [0x00000000f8000000,0x00000000f8000000,0x00000000fc000000)
 ParOldGen       total 235520K, used 235111K [0x00000000c0000000, 0x00000000ce600000, 0x00000000eab00000)
  object space 235520K, 99% used [0x00000000c0000000,0x00000000ce599c48,0x00000000ce600000)
 Metaspace       used 6382K, capacity 7280K, committed 7552K, reserved 1056768K
  class space    used 602K, capacity 616K, committed 640K, reserved 1048576K
GC Heap History (10 events):
Event: 15.460 GC heap after
Heap after GC invocations=15 (full 2):
 PSYoungGen      total 249344K, used 39412K [0x00000000eab00000, 0x0000000100000000, 0x0000000100000000)
  eden space 209920K, 0% used [0x00000000eab00000,0x00000000eab00000,0x00000000f7800000)
  from space 39424K, 99% used [0x00000000f7800000,0x00000000f9e7d320,0x00000000f9e80000)
  to   space 53248K, 0% used [0x00000000fcc00000,0x00000000fcc00000,0x0000000100000000)
 ParOldGen       total 130560K, used 109923K [0x00000000c0000000, 0x00000000c7f80000, 0x00000000eab00000)
  object space 130560K, 84% used [0x00000000c0000000,0x00000000c6b58db0,0x00000000c7f80000)
 Metaspace       used 6362K, capacity 7216K, committed 7296K, reserved 1056768K
  class space    used 602K, capacity 616K, committed 640K, reserved 1048576K
}
Event: 16.924 GC heap before
{Heap before GC invocations=16 (full 2):
 PSYoungGen      total 249344K, used 249332K [0x00000000eab00000, 0x0000000100000000, 0x0000000100000000)
  eden space 209920K, 100% used [0x00000000eab00000,0x00000000f7800000,0x00000000f7800000)
  from space 39424K, 99% used [0x00000000f7800000,0x00000000f9e7d320,0x00000000f9e80000)
  to   space 53248K, 0% used [0x00000000fcc00000,0x00000000fcc00000,0x0000000100000000)
 ParOldGen       total 130560K, used 109923K [0x00000000c0000000, 0x00000000c7f80000, 0x00000000eab00000)
  object space 130560K, 84% used [0x00000000c0000000,0x00000000c6b58db0,0x00000000c7f80000)
 Metaspace       used 6369K, capacity 7216K, committed 7296K, reserved 1056768K
  class space    used 602K, capacity 616K, committed 640K, reserved 1048576K
Event: 17.201 GC heap after
Heap after GC invocations=16 (full 2):
 PSYoungGen      total 293888K, used 31648K [0x00000000eab00000, 0x0000000100000000, 0x0000000100000000)
  eden space 240640K, 0% used [0x00000000eab00000,0x00000000eab00000,0x00000000f9600000)
  from space 53248K, 59% used [0x00000000fcc00000,0x00000000feae8000,0x0000000100000000)
  to   space 54272K, 0% used [0x00000000f9600000,0x00000000f9600000,0x00000000fcb00000)
 ParOldGen       total 149504K, used 149478K [0x00000000c0000000, 0x00000000c9200000, 0x00000000eab00000)
  object space 149504K, 99% used [0x00000000c0000000,0x00000000c91f99c0,0x00000000c9200000)
 Metaspace       used 6369K, capacity 7216K, committed 7296K, reserved 1056768K
  class space    used 602K, capacity 616K, committed 640K, reserved 1048576K
}
Event: 17.201 GC heap before
{Heap before GC invocations=17 (full 3):
 PSYoungGen      total 293888K, used 31648K [0x00000000eab00000, 0x0000000100000000, 0x0000000100000000)
  eden space 240640K, 0% used [0x00000000eab00000,0x00000000eab00000,0x00000000f9600000)
  from space 53248K, 59% used [0x00000000fcc00000,0x00000000feae8000,0x0000000100000000)
  to   space 54272K, 0% used [0x00000000f9600000,0x00000000f9600000,0x00000000fcb00000)
 ParOldGen       total 149504K, used 149478K [0x00000000c0000000, 0x00000000c9200000, 0x00000000eab00000)
  object space 149504K, 99% used [0x00000000c0000000,0x00000000c91f99c0,0x00000000c9200000)
 Metaspace       used 6369K, capacity 7216K, committed 7296K, reserved 1056768K
  class space    used 602K, capacity 616K, committed 640K, reserved 1048576K
Event: 19.158 GC heap after
Heap after GC invocations=17 (full 3):
 PSYoungGen      total 293888K, used 27879K [0x00000000eab00000, 0x0000000100000000, 0x0000000100000000)
  eden space 240640K, 0% used [0x00000000eab00000,0x00000000eab00000,0x00000000f9600000)
  from space 53248K, 52% used [0x00000000fcc00000,0x00000000fe739c08,0x0000000100000000)
  to   space 54272K, 0% used [0x00000000f9600000,0x00000000f9600000,0x00000000fcb00000)
 ParOldGen       total 235520K, used 149056K [0x00000000c0000000, 0x00000000ce600000, 0x00000000eab00000)
  object space 235520K, 63% used [0x00000000c0000000,0x00000000c9190078,0x00000000ce600000)
 Metaspace       used 6369K, capacity 7216K, committed 7296K, reserved 1056768K
  class space    used 602K, capacity 616K, committed 640K, reserved 1048576K
}
Event: 20.678 GC heap before
{Heap before GC invocations=18 (full 3):
 PSYoungGen      total 293888K, used 268519K [0x00000000eab00000, 0x0000000100000000, 0x0000000100000000)
  eden space 240640K, 100% used [0x00000000eab00000,0x00000000f9600000,0x00000000f9600000)
  from space 53248K, 52% used [0x00000000fcc00000,0x00000000fe739c08,0x0000000100000000)
  to   space 54272K, 0% used [0x00000000f9600000,0x00000000f9600000,0x00000000fcb00000)
 ParOldGen       total 235520K, used 149056K [0x00000000c0000000, 0x00000000ce600000, 0x00000000eab00000)
  object space 235520K, 63% used [0x00000000c0000000,0x00000000c9190078,0x00000000ce600000)
 Metaspace       used 6376K, capacity 7280K, committed 7552K, reserved 1056768K
  class space    used 602K, capacity 616K, committed 640K, reserved 1048576K
Event: 21.046 GC heap after
Heap after GC invocations=18 (full 3):
 PSYoungGen      total 294912K, used 54251K [0x00000000eab00000, 0x0000000100000000, 0x0000000100000000)
  eden space 240640K, 0% used [0x00000000eab00000,0x00000000eab00000,0x00000000f9600000)
  from space 54272K, 99% used [0x00000000f9600000,0x00000000fcafadf0,0x00000000fcb00000)
  to   space 54272K, 0% used [0x00000000fcb00000,0x00000000fcb00000,0x0000000100000000)
 ParOldGen       total 235520K, used 158017K [0x00000000c0000000, 0x00000000ce600000, 0x00000000eab00000)
  object space 235520K, 67% used [0x00000000c0000000,0x00000000c9a505e8,0x00000000ce600000)
 Metaspace       used 6376K, capacity 7280K, committed 7552K, reserved 1056768K
  class space    used 602K, capacity 616K, committed 640K, reserved 1048576K
}
Event: 22.618 GC heap before
{Heap before GC invocations=19 (full 3):
 PSYoungGen      total 294912K, used 294891K [0x00000000eab00000, 0x0000000100000000, 0x0000000100000000)
  eden space 240640K, 100% used [0x00000000eab00000,0x00000000f9600000,0x00000000f9600000)
  from space 54272K, 99% used [0x00000000f9600000,0x00000000fcafadf0,0x00000000fcb00000)
  to   space 54272K, 0% used [0x00000000fcb00000,0x00000000fcb00000,0x0000000100000000)
 ParOldGen       total 235520K, used 158017K [0x00000000c0000000, 0x00000000ce600000, 0x00000000eab00000)
  object space 235520K, 67% used [0x00000000c0000000,0x00000000c9a505e8,0x00000000ce600000)
 Metaspace       used 6382K, capacity 7280K, committed 7552K, reserved 1056768K
  class space    used 602K, capacity 616K, committed 640K, reserved 1048576K
Event: 23.057 GC heap after
Heap after GC invocations=19 (full 3):
 PSYoungGen      total 272384K, used 35448K [0x00000000eab00000, 0x0000000100000000, 0x0000000100000000)
  eden space 218112K, 0% used [0x00000000eab00000,0x00000000eab00000,0x00000000f8000000)
  from space 54272K, 65% used [0x00000000fcb00000,0x00000000fed9e1c8,0x0000000100000000)
  to   space 65536K, 0% used [0x00000000f8000000,0x00000000f8000000,0x00000000fc000000)
 ParOldGen       total 235520K, used 212326K [0x00000000c0000000, 0x00000000ce600000, 0x00000000eab00000)
  object space 235520K, 90% used [0x00000000c0000000,0x00000000ccf59898,0x00000000ce600000)
 Metaspace       used 6382K, capacity 7280K, committed 7552K, reserved 1056768K
  class space    used 602K, capacity 616K, committed 640K, reserved 1048576K
}
Event: 23.057 GC heap before
{Heap before GC invocations=20 (full 4):
 PSYoungGen      total 272384K, used 35448K [0x00000000eab00000, 0x0000000100000000, 0x0000000100000000)
  eden space 218112K, 0% used [0x00000000eab00000,0x00000000eab00000,0x00000000f8000000)
  from space 54272K, 65% used [0x00000000fcb00000,0x00000000fed9e1c8,0x0000000100000000)
  to   space 65536K, 0% used [0x00000000f8000000,0x00000000f8000000,0x00000000fc000000)
 ParOldGen       total 235520K, used 212326K [0x00000000c0000000, 0x00000000ce600000, 0x00000000eab00000)
  object space 235520K, 90% used [0x00000000c0000000,0x00000000ccf59898,0x00000000ce600000)
 Metaspace       used 6382K, capacity 7280K, committed 7552K, reserved 1056768K
  class space    used 602K, capacity 616K, committed 640K, reserved 1048576K

