# JRE version: Java(TM) SE Runtime Environment (8.0_45-b14) (build 1.8.0_45-b14)
# Java VM: Java HotSpot(TM) 64-Bit Server VM (25.45-b02 mixed mode linux-amd64 compressed oops)
Heap:
 PSYoungGen      total 201728K, used 31378K [0x00000000eab00000, 0x0000000100000000, 0x0000000100000000)
  eden space 134144K, 0% used [0x00000000eab00000,0x00000000eab00000,0x00000000f2e00000)
  from space 67584K, 46% used [0x00000000f2e00000,0x00000000f4ca4840,0x00000000f7000000)
  to   space 111104K, 0% used [0x00000000f9380000,0x00000000f9380000,0x0000000100000000)
 ParOldGen       total 230400K, used 230253K [0x00000000c0000000, 0x00000000ce100000, 0x00000000eab00000)
  object space 230400K, 99% used [0x00000000c0000000,0x00000000ce0db658,0x00000000ce100000)
 Metaspace       used 6384K, capacity 7280K, committed 7552K, reserved 1056768K
  class space    used 601K, capacity 616K, committed 640K, reserved 1048576K
GC Heap History (10 events):
Event: 21.364 GC heap after
Heap after GC invocations=14 (full 2):
 PSYoungGen      total 261632K, used 64508K [0x00000000eab00000, 0x0000000100000000, 0x0000000100000000)
  eden space 194560K, 0% used [0x00000000eab00000,0x00000000eab00000,0x00000000f6900000)
  from space 67072K, 96% used [0x00000000fbe80000,0x00000000ffd7f368,0x0000000100000000)
  to   space 77312K, 0% used [0x00000000f6900000,0x00000000f6900000,0x00000000fb480000)
 ParOldGen       total 143360K, used 129972K [0x00000000c0000000, 0x00000000c8c00000, 0x00000000eab00000)
  object space 143360K, 90% used [0x00000000c0000000,0x00000000c7eed2b8,0x00000000c8c00000)
 Metaspace       used 6371K, capacity 7216K, committed 7296K, reserved 1056768K
  class space    used 601K, capacity 616K, committed 640K, reserved 1048576K
}
Event: 21.364 GC heap before
{Heap before GC invocations=15 (full 3):
 PSYoungGen      total 261632K, used 64508K [0x00000000eab00000, 0x0000000100000000, 0x0000000100000000)
  eden space 194560K, 0% used [0x00000000eab00000,0x00000000eab00000,0x00000000f6900000)
  from space 67072K, 96% used [0x00000000fbe80000,0x00000000ffd7f368,0x0000000100000000)
  to   space 77312K, 0% used [0x00000000f6900000,0x00000000f6900000,0x00000000fb480000)
 ParOldGen       total 143360K, used 129972K [0x00000000c0000000, 0x00000000c8c00000, 0x00000000eab00000)
  object space 143360K, 90% used [0x00000000c0000000,0x00000000c7eed2b8,0x00000000c8c00000)
 Metaspace       used 6371K, capacity 7216K, committed 7296K, reserved 1056768K
  class space    used 601K, capacity 616K, committed 640K, reserved 1048576K
Event: 24.899 GC heap after
Heap after GC invocations=15 (full 3):
 PSYoungGen      total 261632K, used 44581K [0x00000000eab00000, 0x0000000100000000, 0x0000000100000000)
  eden space 194560K, 0% used [0x00000000eab00000,0x00000000eab00000,0x00000000f6900000)
  from space 67072K, 66% used [0x00000000fbe80000,0x00000000fea09578,0x0000000100000000)
  to   space 77312K, 0% used [0x00000000f6900000,0x00000000f6900000,0x00000000fb480000)
 ParOldGen       total 230400K, used 143073K [0x00000000c0000000, 0x00000000ce100000, 0x00000000eab00000)
  object space 230400K, 62% used [0x00000000c0000000,0x00000000c8bb87d8,0x00000000ce100000)
 Metaspace       used 6371K, capacity 7216K, committed 7296K, reserved 1056768K
  class space    used 601K, capacity 616K, committed 640K, reserved 1048576K
}
Event: 25.980 GC heap before
{Heap before GC invocations=16 (full 3):
 PSYoungGen      total 261632K, used 239141K [0x00000000eab00000, 0x0000000100000000, 0x0000000100000000)
  eden space 194560K, 100% used [0x00000000eab00000,0x00000000f6900000,0x00000000f6900000)
  from space 67072K, 66% used [0x00000000fbe80000,0x00000000fea09578,0x0000000100000000)
  to   space 77312K, 0% used [0x00000000f6900000,0x00000000f6900000,0x00000000fb480000)
 ParOldGen       total 230400K, used 143073K [0x00000000c0000000, 0x00000000ce100000, 0x00000000eab00000)
  object space 230400K, 62% used [0x00000000c0000000,0x00000000c8bb87d8,0x00000000ce100000)
 Metaspace       used 6378K, capacity 7280K, committed 7552K, reserved 1056768K
  class space    used 601K, capacity 616K, committed 640K, reserved 1048576K
Event: 26.622 GC heap after
Heap after GC invocations=16 (full 3):
 PSYoungGen      total 267264K, used 72213K [0x00000000eab00000, 0x0000000100000000, 0x0000000100000000)
  eden space 194560K, 0% used [0x00000000eab00000,0x00000000eab00000,0x00000000f6900000)
  from space 72704K, 99% used [0x00000000f6900000,0x00000000faf857e8,0x00000000fb000000)
  to   space 81920K, 0% used [0x00000000fb000000,0x00000000fb000000,0x0000000100000000)
 ParOldGen       total 230400K, used 143073K [0x00000000c0000000, 0x00000000ce100000, 0x00000000eab00000)
  object space 230400K, 62% used [0x00000000c0000000,0x00000000c8bb87d8,0x00000000ce100000)
 Metaspace       used 6378K, capacity 7280K, committed 7552K, reserved 1056768K
  class space    used 601K, capacity 616K, committed 640K, reserved 1048576K
}
Event: 27.856 GC heap before
{Heap before GC invocations=17 (full 3):
 PSYoungGen      total 267264K, used 266773K [0x00000000eab00000, 0x0000000100000000, 0x0000000100000000)
  eden space 194560K, 100% used [0x00000000eab00000,0x00000000f6900000,0x00000000f6900000)
  from space 72704K, 99% used [0x00000000f6900000,0x00000000faf857e8,0x00000000fb000000)
  to   space 81920K, 0% used [0x00000000fb000000,0x00000000fb000000,0x0000000100000000)
 ParOldGen       total 230400K, used 143073K [0x00000000c0000000, 0x00000000ce100000, 0x00000000eab00000)
  object space 230400K, 62% used [0x00000000c0000000,0x00000000c8bb87d8,0x00000000ce100000)
 Metaspace       used 6382K, capacity 7280K, committed 7552K, reserved 1056768K
  class space    used 601K, capacity 616K, committed 640K, reserved 1048576K
Event: 28.298 GC heap after
Heap after GC invocations=17 (full 3):
 PSYoungGen      total 216064K, used 81912K [0x00000000eab00000, 0x0000000100000000, 0x0000000100000000)
  eden space 134144K, 0% used [0x00000000eab00000,0x00000000eab00000,0x00000000f2e00000)
  from space 81920K, 99% used [0x00000000fb000000,0x00000000ffffe070,0x0000000100000000)
  to   space 107520K, 0% used [0x00000000f2e00000,0x00000000f2e00000,0x00000000f9700000)
 ParOldGen       total 230400K, used 160644K [0x00000000c0000000, 0x00000000ce100000, 0x00000000eab00000)
  object space 230400K, 69% used [0x00000000c0000000,0x00000000c9ce1188,0x00000000ce100000)
 Metaspace       used 6382K, capacity 7280K, committed 7552K, reserved 1056768K
  class space    used 601K, capacity 616K, committed 640K, reserved 1048576K
}
Event: 29.012 GC heap before
{Heap before GC invocations=18 (full 3):
 PSYoungGen      total 216064K, used 216056K [0x00000000eab00000, 0x0000000100000000, 0x0000000100000000)
  eden space 134144K, 100% used [0x00000000eab00000,0x00000000f2e00000,0x00000000f2e00000)
  from space 81920K, 99% used [0x00000000fb000000,0x00000000ffffe070,0x0000000100000000)
  to   space 107520K, 0% used [0x00000000f2e00000,0x00000000f2e00000,0x00000000f9700000)
 ParOldGen       total 230400K, used 160644K [0x00000000c0000000, 0x00000000ce100000, 0x00000000eab00000)
  object space 230400K, 69% used [0x00000000c0000000,0x00000000c9ce1188,0x00000000ce100000)
 Metaspace       used 6384K, capacity 7280K, committed 7552K, reserved 1056768K
  class space    used 601K, capacity 616K, committed 640K, reserved 1048576K
Event: 29.621 GC heap after
Heap after GC invocations=18 (full 3):
 PSYoungGen      total 201728K, used 67452K [0x00000000eab00000, 0x0000000100000000, 0x0000000100000000)
  eden space 134144K, 0% used [0x00000000eab00000,0x00000000eab00000,0x00000000f2e00000)
  from space 67584K, 99% used [0x00000000f2e00000,0x00000000f6fdf298,0x00000000f7000000)
  to   space 111104K, 0% used [0x00000000f9380000,0x00000000f9380000,0x0000000100000000)
 ParOldGen       total 230400K, used 196412K [0x00000000c0000000, 0x00000000ce100000, 0x00000000eab00000)
  object space 230400K, 85% used [0x00000000c0000000,0x00000000cbfcf078,0x00000000ce100000)
 Metaspace       used 6384K, capacity 7280K, committed 7552K, reserved 1056768K
  class space    used 601K, capacity 616K, committed 640K, reserved 1048576K
}
Event: 29.621 GC heap before
{Heap before GC invocations=19 (full 4):
 PSYoungGen      total 201728K, used 67452K [0x00000000eab00000, 0x0000000100000000, 0x0000000100000000)
  eden space 134144K, 0% used [0x00000000eab00000,0x00000000eab00000,0x00000000f2e00000)
  from space 67584K, 99% used [0x00000000f2e00000,0x00000000f6fdf298,0x00000000f7000000)
  to   space 111104K, 0% used [0x00000000f9380000,0x00000000f9380000,0x0000000100000000)
 ParOldGen       total 230400K, used 196412K [0x00000000c0000000, 0x00000000ce100000, 0x00000000eab00000)
  object space 230400K, 85% used [0x00000000c0000000,0x00000000cbfcf078,0x00000000ce100000)
 Metaspace       used 6384K, capacity 7280K, committed 7552K, reserved 1056768K
  class space    used 601K, capacity 616K, committed 640K, reserved 1048576K

