# JRE version: Java(TM) SE Runtime Environment (8.0_45-b14) (build 1.8.0_45-b14)
# Java VM: Java HotSpot(TM) 64-Bit Server VM (25.45-b02 mixed mode linux-amd64 compressed oops)
Heap:
 PSYoungGen      total 260096K, used 20717K [0x00000000eab00000, 0x0000000100000000, 0x0000000100000000)
  eden space 171008K, 0% used [0x00000000eab00000,0x00000000eab00000,0x00000000f5200000)
  from space 89088K, 23% used [0x00000000f5200000,0x00000000f663b618,0x00000000fa900000)
  to   space 84992K, 0% used [0x00000000fad00000,0x00000000fad00000,0x0000000100000000)
 ParOldGen       total 253952K, used 253495K [0x00000000c0000000, 0x00000000cf800000, 0x00000000eab00000)
  object space 253952K, 99% used [0x00000000c0000000,0x00000000cf78dca0,0x00000000cf800000)
 Metaspace       used 6389K, capacity 7280K, committed 7552K, reserved 1056768K
  class space    used 602K, capacity 616K, committed 640K, reserved 1048576K
GC Heap History (10 events):
Event: 15.463 GC heap after
Heap after GC invocations=14 (full 3):
 PSYoungGen      total 270336K, used 7813K [0x00000000eab00000, 0x0000000100000000, 0x0000000100000000)
  eden space 222208K, 0% used [0x00000000eab00000,0x00000000eab00000,0x00000000f8400000)
  from space 48128K, 16% used [0x00000000f8400000,0x00000000f8ba1688,0x00000000fb300000)
  to   space 50688K, 0% used [0x00000000fce80000,0x00000000fce80000,0x0000000100000000)
 ParOldGen       total 235520K, used 145128K [0x00000000c0000000, 0x00000000ce600000, 0x00000000eab00000)
  object space 235520K, 61% used [0x00000000c0000000,0x00000000c8dba160,0x00000000ce600000)
 Metaspace       used 6363K, capacity 7216K, committed 7296K, reserved 1056768K
  class space    used 602K, capacity 616K, committed 640K, reserved 1048576K
}
Event: 16.918 GC heap before
{Heap before GC invocations=15 (full 3):
 PSYoungGen      total 270336K, used 230021K [0x00000000eab00000, 0x0000000100000000, 0x0000000100000000)
  eden space 222208K, 100% used [0x00000000eab00000,0x00000000f8400000,0x00000000f8400000)
  from space 48128K, 16% used [0x00000000f8400000,0x00000000f8ba1688,0x00000000fb300000)
  to   space 50688K, 0% used [0x00000000fce80000,0x00000000fce80000,0x0000000100000000)
 ParOldGen       total 235520K, used 145128K [0x00000000c0000000, 0x00000000ce600000, 0x00000000eab00000)
  object space 235520K, 61% used [0x00000000c0000000,0x00000000c8dba188,0x00000000ce600000)
 Metaspace       used 6372K, capacity 7216K, committed 7296K, reserved 1056768K
  class space    used 602K, capacity 616K, committed 640K, reserved 1048576K
Event: 17.171 GC heap after
Heap after GC invocations=15 (full 3):
 PSYoungGen      total 290304K, used 39669K [0x00000000eab00000, 0x0000000100000000, 0x0000000100000000)
  eden space 239616K, 0% used [0x00000000eab00000,0x00000000eab00000,0x00000000f9500000)
  from space 50688K, 78% used [0x00000000fce80000,0x00000000ff53d7e0,0x0000000100000000)
  to   space 54784K, 0% used [0x00000000f9500000,0x00000000f9500000,0x00000000fca80000)
 ParOldGen       total 235520K, used 145128K [0x00000000c0000000, 0x00000000ce600000, 0x00000000eab00000)
  object space 235520K, 61% used [0x00000000c0000000,0x00000000c8dba188,0x00000000ce600000)
 Metaspace       used 6372K, capacity 7216K, committed 7296K, reserved 1056768K
  class space    used 602K, capacity 616K, committed 640K, reserved 1048576K
}
Event: 18.827 GC heap before
{Heap before GC invocations=16 (full 3):
 PSYoungGen      total 290304K, used 279285K [0x00000000eab00000, 0x0000000100000000, 0x0000000100000000)
  eden space 239616K, 100% used [0x00000000eab00000,0x00000000f9500000,0x00000000f9500000)
  from space 50688K, 78% used [0x00000000fce80000,0x00000000ff53d7e0,0x0000000100000000)
  to   space 54784K, 0% used [0x00000000f9500000,0x00000000f9500000,0x00000000fca80000)
 ParOldGen       total 235520K, used 145131K [0x00000000c0000000, 0x00000000ce600000, 0x00000000eab00000)
  object space 235520K, 61% used [0x00000000c0000000,0x00000000c8dbafc0,0x00000000ce600000)
 Metaspace       used 6378K, capacity 7280K, committed 7552K, reserved 1056768K
  class space    used 602K, capacity 616K, committed 640K, reserved 1048576K
Event: 19.091 GC heap after
Heap after GC invocations=16 (full 3):
 PSYoungGen      total 294400K, used 54755K [0x00000000eab00000, 0x0000000100000000, 0x0000000100000000)
  eden space 239616K, 0% used [0x00000000eab00000,0x00000000eab00000,0x00000000f9500000)
  from space 54784K, 99% used [0x00000000f9500000,0x00000000fca78dd8,0x00000000fca80000)
  to   space 54784K, 0% used [0x00000000fca80000,0x00000000fca80000,0x0000000100000000)
 ParOldGen       total 235520K, used 162963K [0x00000000c0000000, 0x00000000ce600000, 0x00000000eab00000)
  object space 235520K, 69% used [0x00000000c0000000,0x00000000c9f24c78,0x00000000ce600000)
 Metaspace       used 6378K, capacity 7280K, committed 7552K, reserved 1056768K
  class space    used 602K, capacity 616K, committed 640K, reserved 1048576K
}
Event: 20.658 GC heap before
{Heap before GC invocations=17 (full 3):
 PSYoungGen      total 294400K, used 294371K [0x00000000eab00000, 0x0000000100000000, 0x0000000100000000)
  eden space 239616K, 100% used [0x00000000eab00000,0x00000000f9500000,0x00000000f9500000)
  from space 54784K, 99% used [0x00000000f9500000,0x00000000fca78dd8,0x00000000fca80000)
  to   space 54784K, 0% used [0x00000000fca80000,0x00000000fca80000,0x0000000100000000)
 ParOldGen       total 235520K, used 162963K [0x00000000c0000000, 0x00000000ce600000, 0x00000000eab00000)
  object space 235520K, 69% used [0x00000000c0000000,0x00000000c9f24c78,0x00000000ce600000)
 Metaspace       used 6384K, capacity 7280K, committed 7552K, reserved 1056768K
  class space    used 602K, capacity 616K, committed 640K, reserved 1048576K
Event: 21.020 GC heap after
Heap after GC invocations=17 (full 3):
 PSYoungGen      total 225792K, used 54767K [0x00000000eab00000, 0x0000000100000000, 0x0000000100000000)
  eden space 171008K, 0% used [0x00000000eab00000,0x00000000eab00000,0x00000000f5200000)
  from space 54784K, 99% used [0x00000000fca80000,0x00000000ffffbe48,0x0000000100000000)
  to   space 89088K, 0% used [0x00000000f5200000,0x00000000f5200000,0x00000000fa900000)
 ParOldGen       total 235520K, used 198574K [0x00000000c0000000, 0x00000000ce600000, 0x00000000eab00000)
  object space 235520K, 84% used [0x00000000c0000000,0x00000000cc1eb8d8,0x00000000ce600000)
 Metaspace       used 6384K, capacity 7280K, committed 7552K, reserved 1056768K
  class space    used 602K, capacity 616K, committed 640K, reserved 1048576K
}
Event: 22.075 GC heap before
{Heap before GC invocations=18 (full 3):
 PSYoungGen      total 225792K, used 225775K [0x00000000eab00000, 0x0000000100000000, 0x0000000100000000)
  eden space 171008K, 100% used [0x00000000eab00000,0x00000000f5200000,0x00000000f5200000)
  from space 54784K, 99% used [0x00000000fca80000,0x00000000ffffbe48,0x0000000100000000)
  to   space 89088K, 0% used [0x00000000f5200000,0x00000000f5200000,0x00000000fa900000)
 ParOldGen       total 235520K, used 198574K [0x00000000c0000000, 0x00000000ce600000, 0x00000000eab00000)
  object space 235520K, 84% used [0x00000000c0000000,0x00000000cc1eb8d8,0x00000000ce600000)
 Metaspace       used 6389K, capacity 7280K, committed 7552K, reserved 1056768K
  class space    used 602K, capacity 616K, committed 640K, reserved 1048576K
Event: 22.377 GC heap after
Heap after GC invocations=18 (full 3):
 PSYoungGen      total 260096K, used 24934K [0x00000000eab00000, 0x0000000100000000, 0x0000000100000000)
  eden space 171008K, 0% used [0x00000000eab00000,0x00000000eab00000,0x00000000f5200000)
  from space 89088K, 27% used [0x00000000f5200000,0x00000000f6a59978,0x00000000fa900000)
  to   space 84992K, 0% used [0x00000000fad00000,0x00000000fad00000,0x0000000100000000)
 ParOldGen       total 253952K, used 253650K [0x00000000c0000000, 0x00000000cf800000, 0x00000000eab00000)
  object space 253952K, 99% used [0x00000000c0000000,0x00000000cf7b4a48,0x00000000cf800000)
 Metaspace       used 6389K, capacity 7280K, committed 7552K, reserved 1056768K
  class space    used 602K, capacity 616K, committed 640K, reserved 1048576K
}
Event: 22.377 GC heap before
{Heap before GC invocations=19 (full 4):
 PSYoungGen      total 260096K, used 24934K [0x00000000eab00000, 0x0000000100000000, 0x0000000100000000)
  eden space 171008K, 0% used [0x00000000eab00000,0x00000000eab00000,0x00000000f5200000)
  from space 89088K, 27% used [0x00000000f5200000,0x00000000f6a59978,0x00000000fa900000)
  to   space 84992K, 0% used [0x00000000fad00000,0x00000000fad00000,0x0000000100000000)
 ParOldGen       total 253952K, used 253650K [0x00000000c0000000, 0x00000000cf800000, 0x00000000eab00000)
  object space 253952K, 99% used [0x00000000c0000000,0x00000000cf7b4a48,0x00000000cf800000)
 Metaspace       used 6389K, capacity 7280K, committed 7552K, reserved 1056768K
  class space    used 602K, capacity 616K, committed 640K, reserved 1048576K

